{
  "RSpec": {
    "coverage": {
      "/home/fridayshoes/Projects/Week4/Bookmark-Manager/spec/bookmark_spec.rb": {
        "lines": [
          1,
          1,
          null,
          1,
          1,
          1,
          null,
          null,
          1,
          1,
          1,
          null,
          1,
          null,
          1,
          1,
          1,
          1,
          1,
          null,
          null,
          null,
          1,
          1,
          1,
          1,
          null,
          1,
          1,
          1,
          1,
          null,
          null
        ]
      },
      "/home/fridayshoes/Projects/Week4/Bookmark-Manager/spec/database_helpers.rb": {
        "lines": [
          1,
          1,
          1,
          1,
          null
        ]
      },
      "/home/fridayshoes/Projects/Week4/Bookmark-Manager/spec/features/add_bookmarks_spec.rb": {
        "lines": [
          1,
          1,
          1,
          1,
          1,
          1,
          null,
          1,
          null,
          null
        ]
      },
      "/home/fridayshoes/Projects/Week4/Bookmark-Manager/spec/features/index_page_spec.rb": {
        "lines": [
          null,
          null,
          1,
          1,
          1,
          1,
          null,
          null
        ]
      },
      "/home/fridayshoes/Projects/Week4/Bookmark-Manager/spec/features/view_bookmarks_spec.rb": {
        "lines": [
          1,
          null,
          1,
          1,
          1,
          1,
          1,
          null,
          1,
          null,
          1,
          1,
          1,
          null,
          null
        ]
      }
    },
    "timestamp": 1654880409
  }
}
